<?xml version="1.0" encoding="UTF-8"?>
<testsuite xmlns:xsi="http://www.w3.org/2001/XMLSchema-instance" xsi:noNamespaceSchemaLocation="https://maven.apache.org/surefire/maven-surefire-plugin/xsd/surefire-test-report.xsd" name="com.fh.AppTest" time="0.067" tests="1" errors="0" skipped="0" failures="0">
  <properties>
    <property name="sun.desktop" value="windows"/>
    <property name="awt.toolkit" value="sun.awt.windows.WToolkit"/>
    <property name="file.encoding.pkg" value="sun.io"/>
    <property name="java.specification.version" value="1.8"/>
    <property name="sun.cpu.isalist" value="amd64"/>
    <property name="sun.jnu.encoding" value="GBK"/>
    <property name="java.class.path" value="D:\Desktop\product\ssm_shop_aop3\target\test-classes;D:\Desktop\product\ssm_shop_aop3\target\classes;E:\mvnrepository\junit\junit\4.11\junit-4.11.jar;E:\mvnrepository\org\hamcrest\hamcrest-core\2.2\hamcrest-core-2.2.jar;E:\mvnrepository\org\hamcrest\hamcrest\2.2\hamcrest-2.2.jar;E:\mvnrepository\com\aliyun\aliyun-java-sdk-core\4.5.1\aliyun-java-sdk-core-4.5.1.jar;E:\mvnrepository\com\google\code\gson\gson\2.8.6\gson-2.8.6.jar;E:\mvnrepository\org\apache\httpcomponents\httpclient\4.5.12\httpclient-4.5.12.jar;E:\mvnrepository\commons-codec\commons-codec\1.14\commons-codec-1.14.jar;E:\mvnrepository\org\apache\httpcomponents\httpcore\4.4.13\httpcore-4.4.13.jar;E:\mvnrepository\commons-logging\commons-logging\1.2\commons-logging-1.2.jar;E:\mvnrepository\javax\xml\bind\jaxb-api\2.3.1\jaxb-api-2.3.1.jar;E:\mvnrepository\javax\activation\javax.activation-api\1.2.0\javax.activation-api-1.2.0.jar;E:\mvnrepository\org\jacoco\org.jacoco.agent\0.8.5\org.jacoco.agent-0.8.5-runtime.jar;E:\mvnrepository\org\ini4j\ini4j\0.5.4\ini4j-0.5.4.jar;E:\mvnrepository\org\slf4j\slf4j-api\1.7.30\slf4j-api-1.7.30.jar;E:\mvnrepository\io\opentracing\opentracing-api\0.33.0\opentracing-api-0.33.0.jar;E:\mvnrepository\io\opentracing\opentracing-util\0.33.0\opentracing-util-0.33.0.jar;E:\mvnrepository\io\opentracing\opentracing-noop\0.33.0\opentracing-noop-0.33.0.jar;E:\mvnrepository\com\auth0\java-jwt\2.2.0\java-jwt-2.2.0.jar;E:\mvnrepository\commons-io\commons-io\1.3.2\commons-io-1.3.2.jar;E:\mvnrepository\org\springframework\boot\spring-boot-starter\2.3.2.RELEASE\spring-boot-starter-2.3.2.RELEASE.jar;E:\mvnrepository\org\springframework\boot\spring-boot\2.3.2.RELEASE\spring-boot-2.3.2.RELEASE.jar;E:\mvnrepository\org\springframework\spring-context\5.2.8.RELEASE\spring-context-5.2.8.RELEASE.jar;E:\mvnrepository\org\springframework\boot\spring-boot-autoconfigure\2.3.2.RELEASE\spring-boot-autoconfigure-2.3.2.RELEASE.jar;E:\mvnrepository\org\springframework\boot\spring-boot-starter-logging\2.3.2.RELEASE\spring-boot-starter-logging-2.3.2.RELEASE.jar;E:\mvnrepository\ch\qos\logback\logback-classic\1.2.3\logback-classic-1.2.3.jar;E:\mvnrepository\ch\qos\logback\logback-core\1.2.3\logback-core-1.2.3.jar;E:\mvnrepository\org\apache\logging\log4j\log4j-to-slf4j\2.13.3\log4j-to-slf4j-2.13.3.jar;E:\mvnrepository\org\apache\logging\log4j\log4j-api\2.13.3\log4j-api-2.13.3.jar;E:\mvnrepository\org\slf4j\jul-to-slf4j\1.7.30\jul-to-slf4j-1.7.30.jar;E:\mvnrepository\jakarta\annotation\jakarta.annotation-api\1.3.5\jakarta.annotation-api-1.3.5.jar;E:\mvnrepository\org\springframework\spring-core\5.2.8.RELEASE\spring-core-5.2.8.RELEASE.jar;E:\mvnrepository\org\springframework\spring-jcl\5.2.8.RELEASE\spring-jcl-5.2.8.RELEASE.jar;E:\mvnrepository\org\yaml\snakeyaml\1.26\snakeyaml-1.26.jar;E:\mvnrepository\org\springframework\boot\spring-boot-starter-web\2.3.2.RELEASE\spring-boot-starter-web-2.3.2.RELEASE.jar;E:\mvnrepository\org\springframework\boot\spring-boot-starter-json\2.3.2.RELEASE\spring-boot-starter-json-2.3.2.RELEASE.jar;E:\mvnrepository\com\fasterxml\jackson\core\jackson-databind\2.11.1\jackson-databind-2.11.1.jar;E:\mvnrepository\com\fasterxml\jackson\core\jackson-core\2.11.1\jackson-core-2.11.1.jar;E:\mvnrepository\com\fasterxml\jackson\datatype\jackson-datatype-jdk8\2.11.1\jackson-datatype-jdk8-2.11.1.jar;E:\mvnrepository\com\fasterxml\jackson\datatype\jackson-datatype-jsr310\2.11.1\jackson-datatype-jsr310-2.11.1.jar;E:\mvnrepository\com\fasterxml\jackson\module\jackson-module-parameter-names\2.11.1\jackson-module-parameter-names-2.11.1.jar;E:\mvnrepository\org\springframework\boot\spring-boot-starter-tomcat\2.3.2.RELEASE\spring-boot-starter-tomcat-2.3.2.RELEASE.jar;E:\mvnrepository\org\apache\tomcat\embed\tomcat-embed-core\9.0.37\tomcat-embed-core-9.0.37.jar;E:\mvnrepository\org\glassfish\jakarta.el\3.0.3\jakarta.el-3.0.3.jar;E:\mvnrepository\org\apache\tomcat\embed\tomcat-embed-websocket\9.0.37\tomcat-embed-websocket-9.0.37.jar;E:\mvnrepository\org\springframework\spring-web\5.2.8.RELEASE\spring-web-5.2.8.RELEASE.jar;E:\mvnrepository\org\springframework\spring-beans\5.2.8.RELEASE\spring-beans-5.2.8.RELEASE.jar;E:\mvnrepository\org\springframework\spring-webmvc\5.2.8.RELEASE\spring-webmvc-5.2.8.RELEASE.jar;E:\mvnrepository\org\springframework\spring-aop\5.2.8.RELEASE\spring-aop-5.2.8.RELEASE.jar;E:\mvnrepository\org\springframework\spring-expression\5.2.8.RELEASE\spring-expression-5.2.8.RELEASE.jar;E:\mvnrepository\com\baomidou\mybatis-plus-boot-starter\3.3.2\mybatis-plus-boot-starter-3.3.2.jar;E:\mvnrepository\com\baomidou\mybatis-plus\3.3.2\mybatis-plus-3.3.2.jar;E:\mvnrepository\com\baomidou\mybatis-plus-extension\3.3.2\mybatis-plus-extension-3.3.2.jar;E:\mvnrepository\com\baomidou\mybatis-plus-core\3.3.2\mybatis-plus-core-3.3.2.jar;E:\mvnrepository\com\baomidou\mybatis-plus-annotation\3.3.2\mybatis-plus-annotation-3.3.2.jar;E:\mvnrepository\com\github\jsqlparser\jsqlparser\3.1\jsqlparser-3.1.jar;E:\mvnrepository\org\mybatis\mybatis\3.5.4\mybatis-3.5.4.jar;E:\mvnrepository\org\mybatis\mybatis-spring\2.0.4\mybatis-spring-2.0.4.jar;E:\mvnrepository\org\springframework\boot\spring-boot-starter-jdbc\2.3.2.RELEASE\spring-boot-starter-jdbc-2.3.2.RELEASE.jar;E:\mvnrepository\com\zaxxer\HikariCP\3.4.5\HikariCP-3.4.5.jar;E:\mvnrepository\org\springframework\spring-jdbc\5.2.8.RELEASE\spring-jdbc-5.2.8.RELEASE.jar;E:\mvnrepository\org\springframework\spring-tx\5.2.8.RELEASE\spring-tx-5.2.8.RELEASE.jar;E:\mvnrepository\mysql\mysql-connector-java\5.1.6\mysql-connector-java-5.1.6.jar;E:\mvnrepository\com\alibaba\druid-spring-boot-starter\1.1.10\druid-spring-boot-starter-1.1.10.jar;E:\mvnrepository\com\alibaba\druid\1.1.10\druid-1.1.10.jar;E:\mvnrepository\redis\clients\jedis\2.9.0\jedis-2.9.0.jar;E:\mvnrepository\org\apache\commons\commons-pool2\2.8.0\commons-pool2-2.8.0.jar;E:\mvnrepository\com\alibaba\fastjson\1.2.58\fastjson-1.2.58.jar;E:\mvnrepository\com\aliyun\oss\aliyun-sdk-oss\3.10.2\aliyun-sdk-oss-3.10.2.jar;E:\mvnrepository\org\jdom\jdom2\2.0.6\jdom2-2.0.6.jar;E:\mvnrepository\org\codehaus\jettison\jettison\1.1\jettison-1.1.jar;E:\mvnrepository\stax\stax-api\1.0.1\stax-api-1.0.1.jar;E:\mvnrepository\com\aliyun\aliyun-java-sdk-ram\3.0.0\aliyun-java-sdk-ram-3.0.0.jar;E:\mvnrepository\com\aliyun\aliyun-java-sdk-sts\3.0.0\aliyun-java-sdk-sts-3.0.0.jar;E:\mvnrepository\com\aliyun\aliyun-java-sdk-ecs\4.2.0\aliyun-java-sdk-ecs-4.2.0.jar;E:\mvnrepository\com\aliyun\aliyun-java-sdk-kms\2.7.0\aliyun-java-sdk-kms-2.7.0.jar;E:\mvnrepository\io\springfox\springfox-swagger2\2.9.2\springfox-swagger2-2.9.2.jar;E:\mvnrepository\io\swagger\swagger-annotations\1.5.20\swagger-annotations-1.5.20.jar;E:\mvnrepository\io\swagger\swagger-models\1.5.20\swagger-models-1.5.20.jar;E:\mvnrepository\com\fasterxml\jackson\core\jackson-annotations\2.11.1\jackson-annotations-2.11.1.jar;E:\mvnrepository\io\springfox\springfox-spi\2.9.2\springfox-spi-2.9.2.jar;E:\mvnrepository\io\springfox\springfox-core\2.9.2\springfox-core-2.9.2.jar;E:\mvnrepository\net\bytebuddy\byte-buddy\1.10.13\byte-buddy-1.10.13.jar;E:\mvnrepository\io\springfox\springfox-schema\2.9.2\springfox-schema-2.9.2.jar;E:\mvnrepository\io\springfox\springfox-swagger-common\2.9.2\springfox-swagger-common-2.9.2.jar;E:\mvnrepository\io\springfox\springfox-spring-web\2.9.2\springfox-spring-web-2.9.2.jar;E:\mvnrepository\com\google\guava\guava\20.0\guava-20.0.jar;E:\mvnrepository\com\fasterxml\classmate\1.5.1\classmate-1.5.1.jar;E:\mvnrepository\org\springframework\plugin\spring-plugin-core\1.2.0.RELEASE\spring-plugin-core-1.2.0.RELEASE.jar;E:\mvnrepository\org\springframework\plugin\spring-plugin-metadata\1.2.0.RELEASE\spring-plugin-metadata-1.2.0.RELEASE.jar;E:\mvnrepository\org\mapstruct\mapstruct\1.2.0.Final\mapstruct-1.2.0.Final.jar;E:\mvnrepository\io\springfox\springfox-swagger-ui\2.9.2\springfox-swagger-ui-2.9.2.jar;"/>
    <property name="java.vm.vendor" value="Oracle Corporation"/>
    <property name="sun.arch.data.model" value="64"/>
    <property name="user.variant" value=""/>
    <property name="java.vendor.url" value="http://java.oracle.com/"/>
    <property name="user.timezone" value="Asia/Shanghai"/>
    <property name="java.vm.specification.version" value="1.8"/>
    <property name="os.name" value="Windows 10"/>
    <property name="user.country" value="CN"/>
    <property name="sun.java.launcher" value="SUN_STANDARD"/>
    <property name="sun.boot.library.path" value="E:\Program Files\Java\jdk1.8.0_211\jre\bin"/>
    <property name="sun.java.command" value="C:\Users\王忠峰\AppData\Local\Temp\surefire803445124862302096\surefirebooter2069384704091147718.jar C:\Users\王忠峰\AppData\Local\Temp\surefire803445124862302096 2020-08-05T20-48-21_588-jvmRun1 surefire385665663696672690tmp surefire_04156068839622905625tmp"/>
    <property name="surefire.test.class.path" value="D:\Desktop\product\ssm_shop_aop3\target\test-classes;D:\Desktop\product\ssm_shop_aop3\target\classes;E:\mvnrepository\junit\junit\4.11\junit-4.11.jar;E:\mvnrepository\org\hamcrest\hamcrest-core\2.2\hamcrest-core-2.2.jar;E:\mvnrepository\org\hamcrest\hamcrest\2.2\hamcrest-2.2.jar;E:\mvnrepository\com\aliyun\aliyun-java-sdk-core\4.5.1\aliyun-java-sdk-core-4.5.1.jar;E:\mvnrepository\com\google\code\gson\gson\2.8.6\gson-2.8.6.jar;E:\mvnrepository\org\apache\httpcomponents\httpclient\4.5.12\httpclient-4.5.12.jar;E:\mvnrepository\commons-codec\commons-codec\1.14\commons-codec-1.14.jar;E:\mvnrepository\org\apache\httpcomponents\httpcore\4.4.13\httpcore-4.4.13.jar;E:\mvnrepository\commons-logging\commons-logging\1.2\commons-logging-1.2.jar;E:\mvnrepository\javax\xml\bind\jaxb-api\2.3.1\jaxb-api-2.3.1.jar;E:\mvnrepository\javax\activation\javax.activation-api\1.2.0\javax.activation-api-1.2.0.jar;E:\mvnrepository\org\jacoco\org.jacoco.agent\0.8.5\org.jacoco.agent-0.8.5-runtime.jar;E:\mvnrepository\org\ini4j\ini4j\0.5.4\ini4j-0.5.4.jar;E:\mvnrepository\org\slf4j\slf4j-api\1.7.30\slf4j-api-1.7.30.jar;E:\mvnrepository\io\opentracing\opentracing-api\0.33.0\opentracing-api-0.33.0.jar;E:\mvnrepository\io\opentracing\opentracing-util\0.33.0\opentracing-util-0.33.0.jar;E:\mvnrepository\io\opentracing\opentracing-noop\0.33.0\opentracing-noop-0.33.0.jar;E:\mvnrepository\com\auth0\java-jwt\2.2.0\java-jwt-2.2.0.jar;E:\mvnrepository\commons-io\commons-io\1.3.2\commons-io-1.3.2.jar;E:\mvnrepository\org\springframework\boot\spring-boot-starter\2.3.2.RELEASE\spring-boot-starter-2.3.2.RELEASE.jar;E:\mvnrepository\org\springframework\boot\spring-boot\2.3.2.RELEASE\spring-boot-2.3.2.RELEASE.jar;E:\mvnrepository\org\springframework\spring-context\5.2.8.RELEASE\spring-context-5.2.8.RELEASE.jar;E:\mvnrepository\org\springframework\boot\spring-boot-autoconfigure\2.3.2.RELEASE\spring-boot-autoconfigure-2.3.2.RELEASE.jar;E:\mvnrepository\org\springframework\boot\spring-boot-starter-logging\2.3.2.RELEASE\spring-boot-starter-logging-2.3.2.RELEASE.jar;E:\mvnrepository\ch\qos\logback\logback-classic\1.2.3\logback-classic-1.2.3.jar;E:\mvnrepository\ch\qos\logback\logback-core\1.2.3\logback-core-1.2.3.jar;E:\mvnrepository\org\apache\logging\log4j\log4j-to-slf4j\2.13.3\log4j-to-slf4j-2.13.3.jar;E:\mvnrepository\org\apache\logging\log4j\log4j-api\2.13.3\log4j-api-2.13.3.jar;E:\mvnrepository\org\slf4j\jul-to-slf4j\1.7.30\jul-to-slf4j-1.7.30.jar;E:\mvnrepository\jakarta\annotation\jakarta.annotation-api\1.3.5\jakarta.annotation-api-1.3.5.jar;E:\mvnrepository\org\springframework\spring-core\5.2.8.RELEASE\spring-core-5.2.8.RELEASE.jar;E:\mvnrepository\org\springframework\spring-jcl\5.2.8.RELEASE\spring-jcl-5.2.8.RELEASE.jar;E:\mvnrepository\org\yaml\snakeyaml\1.26\snakeyaml-1.26.jar;E:\mvnrepository\org\springframework\boot\spring-boot-starter-web\2.3.2.RELEASE\spring-boot-starter-web-2.3.2.RELEASE.jar;E:\mvnrepository\org\springframework\boot\spring-boot-starter-json\2.3.2.RELEASE\spring-boot-starter-json-2.3.2.RELEASE.jar;E:\mvnrepository\com\fasterxml\jackson\core\jackson-databind\2.11.1\jackson-databind-2.11.1.jar;E:\mvnrepository\com\fasterxml\jackson\core\jackson-core\2.11.1\jackson-core-2.11.1.jar;E:\mvnrepository\com\fasterxml\jackson\datatype\jackson-datatype-jdk8\2.11.1\jackson-datatype-jdk8-2.11.1.jar;E:\mvnrepository\com\fasterxml\jackson\datatype\jackson-datatype-jsr310\2.11.1\jackson-datatype-jsr310-2.11.1.jar;E:\mvnrepository\com\fasterxml\jackson\module\jackson-module-parameter-names\2.11.1\jackson-module-parameter-names-2.11.1.jar;E:\mvnrepository\org\springframework\boot\spring-boot-starter-tomcat\2.3.2.RELEASE\spring-boot-starter-tomcat-2.3.2.RELEASE.jar;E:\mvnrepository\org\apache\tomcat\embed\tomcat-embed-core\9.0.37\tomcat-embed-core-9.0.37.jar;E:\mvnrepository\org\glassfish\jakarta.el\3.0.3\jakarta.el-3.0.3.jar;E:\mvnrepository\org\apache\tomcat\embed\tomcat-embed-websocket\9.0.37\tomcat-embed-websocket-9.0.37.jar;E:\mvnrepository\org\springframework\spring-web\5.2.8.RELEASE\spring-web-5.2.8.RELEASE.jar;E:\mvnrepository\org\springframework\spring-beans\5.2.8.RELEASE\spring-beans-5.2.8.RELEASE.jar;E:\mvnrepository\org\springframework\spring-webmvc\5.2.8.RELEASE\spring-webmvc-5.2.8.RELEASE.jar;E:\mvnrepository\org\springframework\spring-aop\5.2.8.RELEASE\spring-aop-5.2.8.RELEASE.jar;E:\mvnrepository\org\springframework\spring-expression\5.2.8.RELEASE\spring-expression-5.2.8.RELEASE.jar;E:\mvnrepository\com\baomidou\mybatis-plus-boot-starter\3.3.2\mybatis-plus-boot-starter-3.3.2.jar;E:\mvnrepository\com\baomidou\mybatis-plus\3.3.2\mybatis-plus-3.3.2.jar;E:\mvnrepository\com\baomidou\mybatis-plus-extension\3.3.2\mybatis-plus-extension-3.3.2.jar;E:\mvnrepository\com\baomidou\mybatis-plus-core\3.3.2\mybatis-plus-core-3.3.2.jar;E:\mvnrepository\com\baomidou\mybatis-plus-annotation\3.3.2\mybatis-plus-annotation-3.3.2.jar;E:\mvnrepository\com\github\jsqlparser\jsqlparser\3.1\jsqlparser-3.1.jar;E:\mvnrepository\org\mybatis\mybatis\3.5.4\mybatis-3.5.4.jar;E:\mvnrepository\org\mybatis\mybatis-spring\2.0.4\mybatis-spring-2.0.4.jar;E:\mvnrepository\org\springframework\boot\spring-boot-starter-jdbc\2.3.2.RELEASE\spring-boot-starter-jdbc-2.3.2.RELEASE.jar;E:\mvnrepository\com\zaxxer\HikariCP\3.4.5\HikariCP-3.4.5.jar;E:\mvnrepository\org\springframework\spring-jdbc\5.2.8.RELEASE\spring-jdbc-5.2.8.RELEASE.jar;E:\mvnrepository\org\springframework\spring-tx\5.2.8.RELEASE\spring-tx-5.2.8.RELEASE.jar;E:\mvnrepository\mysql\mysql-connector-java\5.1.6\mysql-connector-java-5.1.6.jar;E:\mvnrepository\com\alibaba\druid-spring-boot-starter\1.1.10\druid-spring-boot-starter-1.1.10.jar;E:\mvnrepository\com\alibaba\druid\1.1.10\druid-1.1.10.jar;E:\mvnrepository\redis\clients\jedis\2.9.0\jedis-2.9.0.jar;E:\mvnrepository\org\apache\commons\commons-pool2\2.8.0\commons-pool2-2.8.0.jar;E:\mvnrepository\com\alibaba\fastjson\1.2.58\fastjson-1.2.58.jar;E:\mvnrepository\com\aliyun\oss\aliyun-sdk-oss\3.10.2\aliyun-sdk-oss-3.10.2.jar;E:\mvnrepository\org\jdom\jdom2\2.0.6\jdom2-2.0.6.jar;E:\mvnrepository\org\codehaus\jettison\jettison\1.1\jettison-1.1.jar;E:\mvnrepository\stax\stax-api\1.0.1\stax-api-1.0.1.jar;E:\mvnrepository\com\aliyun\aliyun-java-sdk-ram\3.0.0\aliyun-java-sdk-ram-3.0.0.jar;E:\mvnrepository\com\aliyun\aliyun-java-sdk-sts\3.0.0\aliyun-java-sdk-sts-3.0.0.jar;E:\mvnrepository\com\aliyun\aliyun-java-sdk-ecs\4.2.0\aliyun-java-sdk-ecs-4.2.0.jar;E:\mvnrepository\com\aliyun\aliyun-java-sdk-kms\2.7.0\aliyun-java-sdk-kms-2.7.0.jar;E:\mvnrepository\io\springfox\springfox-swagger2\2.9.2\springfox-swagger2-2.9.2.jar;E:\mvnrepository\io\swagger\swagger-annotations\1.5.20\swagger-annotations-1.5.20.jar;E:\mvnrepository\io\swagger\swagger-models\1.5.20\swagger-models-1.5.20.jar;E:\mvnrepository\com\fasterxml\jackson\core\jackson-annotations\2.11.1\jackson-annotations-2.11.1.jar;E:\mvnrepository\io\springfox\springfox-spi\2.9.2\springfox-spi-2.9.2.jar;E:\mvnrepository\io\springfox\springfox-core\2.9.2\springfox-core-2.9.2.jar;E:\mvnrepository\net\bytebuddy\byte-buddy\1.10.13\byte-buddy-1.10.13.jar;E:\mvnrepository\io\springfox\springfox-schema\2.9.2\springfox-schema-2.9.2.jar;E:\mvnrepository\io\springfox\springfox-swagger-common\2.9.2\springfox-swagger-common-2.9.2.jar;E:\mvnrepository\io\springfox\springfox-spring-web\2.9.2\springfox-spring-web-2.9.2.jar;E:\mvnrepository\com\google\guava\guava\20.0\guava-20.0.jar;E:\mvnrepository\com\fasterxml\classmate\1.5.1\classmate-1.5.1.jar;E:\mvnrepository\org\springframework\plugin\spring-plugin-core\1.2.0.RELEASE\spring-plugin-core-1.2.0.RELEASE.jar;E:\mvnrepository\org\springframework\plugin\spring-plugin-metadata\1.2.0.RELEASE\spring-plugin-metadata-1.2.0.RELEASE.jar;E:\mvnrepository\org\mapstruct\mapstruct\1.2.0.Final\mapstruct-1.2.0.Final.jar;E:\mvnrepository\io\springfox\springfox-swagger-ui\2.9.2\springfox-swagger-ui-2.9.2.jar;"/>
    <property name="sun.cpu.endian" value="little"/>
    <property name="user.home" value="C:\Users\王忠峰"/>
    <property name="user.language" value="zh"/>
    <property name="java.specification.vendor" value="Oracle Corporation"/>
    <property name="java.home" value="E:\Program Files\Java\jdk1.8.0_211\jre"/>
    <property name="basedir" value="D:\Desktop\product\ssm_shop_aop3"/>
    <property name="file.separator" value="\"/>
    <property name="line.separator" value="&#10;"/>
    <property name="java.vm.specification.vendor" value="Oracle Corporation"/>
    <property name="java.specification.name" value="Java Platform API Specification"/>
    <property name="java.awt.graphicsenv" value="sun.awt.Win32GraphicsEnvironment"/>
    <property name="surefire.real.class.path" value="C:\Users\王忠峰\AppData\Local\Temp\surefire803445124862302096\surefirebooter2069384704091147718.jar"/>
    <property name="sun.boot.class.path" value="E:\Program Files\Java\jdk1.8.0_211\jre\lib\resources.jar;E:\Program Files\Java\jdk1.8.0_211\jre\lib\rt.jar;E:\Program Files\Java\jdk1.8.0_211\jre\lib\sunrsasign.jar;E:\Program Files\Java\jdk1.8.0_211\jre\lib\jsse.jar;E:\Program Files\Java\jdk1.8.0_211\jre\lib\jce.jar;E:\Program Files\Java\jdk1.8.0_211\jre\lib\charsets.jar;E:\Program Files\Java\jdk1.8.0_211\jre\lib\jfr.jar;E:\Program Files\Java\jdk1.8.0_211\jre\classes"/>
    <property name="user.script" value=""/>
    <property name="sun.management.compiler" value="HotSpot 64-Bit Tiered Compilers"/>
    <property name="java.runtime.version" value="1.8.0_211-b12"/>
    <property name="user.name" value="王忠峰"/>
    <property name="path.separator" value=";"/>
    <property name="os.version" value="10.0"/>
    <property name="java.endorsed.dirs" value="E:\Program Files\Java\jdk1.8.0_211\jre\lib\endorsed"/>
    <property name="java.runtime.name" value="Java(TM) SE Runtime Environment"/>
    <property name="file.encoding" value="GBK"/>
    <property name="java.vm.name" value="Java HotSpot(TM) 64-Bit Server VM"/>
    <property name="localRepository" value="E:\mvnrepository"/>
    <property name="java.vendor.url.bug" value="http://bugreport.sun.com/bugreport/"/>
    <property name="java.io.tmpdir" value="C:\Users\王忠峰\AppData\Local\Temp\"/>
    <property name="idea.version" value="2018.2"/>
    <property name="java.version" value="1.8.0_211"/>
    <property name="user.dir" value="D:\Desktop\product\ssm_shop_aop3"/>
    <property name="os.arch" value="amd64"/>
    <property name="java.vm.specification.name" value="Java Virtual Machine Specification"/>
    <property name="java.awt.printerjob" value="sun.awt.windows.WPrinterJob"/>
    <property name="sun.os.patch.level" value=""/>
    <property name="java.library.path" value="E:\Program Files\Java\jdk1.8.0_211\jre\bin;C:\WINDOWS\Sun\Java\bin;C:\WINDOWS\system32;C:\WINDOWS;E:\app\wzf\product\11.2.0\dbhome_1\bin;C:\Program Files (x86)\Common Files\Oracle\Java\javapath;C:\Program Files (x86)\Intel\Intel(R) Management Engine Components\iCLS\;C:\Program Files\Intel\Intel(R) Management Engine Components\iCLS\;C:\Windows\system32;C:\Windows;C:\Windows\System32\Wbem;C:\Windows\System32\WindowsPowerShell\v1.0\;C:\Windows\System32\OpenSSH\;C:\Program Files (x86)\NVIDIA Corporation\PhysX\Common;C:\Program Files (x86)\Intel\Intel(R) Management Engine Components\DAL;C:\Program Files\Intel\Intel(R) Management Engine Components\DAL;C:\Program Files (x86)\Intel\Intel(R) Management Engine Components\IPT;C:\Program Files\Intel\Intel(R) Management Engine Components\IPT;C:\Program Files\Intel\WiFi\bin\;C:\Program Files\Common Files\Intel\WirelessCommon\;E:\Program Files\Java\jdk1.8.0_211\lib\tools.jar;E:\Program Files\Java\jdk1.8.0_211\bin;E:\Program Files\Java\jdk1.8.0_211\jre\bin;C:\WINDOWS\system32;C:\WINDOWS;C:\WINDOWS\System32\Wbem;C:\WINDOWS\System32\WindowsPowerShell\v1.0\;C:\WINDOWS\System32\OpenSSH\;E:\apache-maven-3.5.4\bin;E:\Program Files\MySQL\MySQL Server 5.5\bin;E:\MySQL\MySQL Server 5.5\bin;D:\Program Files\MySQL\MySQL Server 5.5\bin;C:\Program Files\TortoiseSVN\bin;E:\Program Files\VisualSVN Server\bin;C:\Users\王忠峰\AppData\Local\Microsoft\WindowsApps;E:\Bandizip\;;."/>
    <property name="java.vm.info" value="mixed mode"/>
    <property name="java.vendor" value="Oracle Corporation"/>
    <property name="java.vm.version" value="25.211-b12"/>
    <property name="java.ext.dirs" value="E:\Program Files\Java\jdk1.8.0_211\jre\lib\ext;C:\WINDOWS\Sun\Java\lib\ext"/>
    <property name="sun.io.unicode.encoding" value="UnicodeLittle"/>
    <property name="java.class.version" value="52.0"/>
  </properties>
  <testcase name="shouldAnswerWithTrue" classname="com.fh.AppTest" time="0.001"/>
</testsuite>